<?xml version="1.0" encoding="UTF-8"?>
<!-- Generated by org.testng.reporters.JUnitReportReporter -->
<testsuite hostname="QT-INBG-LT1957" failures="0" tests="1" name="pom.Signin" time="6.174" errors="0" timestamp="2022-09-20T10:40:23 IST" skipped="0">
  <testcase classname="pom.Signin" name="signin" time="6.174"/>
  <system-out/>
</testsuite> <!-- pom.Signin -->
